<?xml version="1.0" encoding="utf-8"?>
<coverage line-rate="0.7263" branch-rate="0.4645" version="1.9" timestamp="1728572487" lines-covered="669" lines-valid="921" branches-covered="144" branches-valid="310">
  <sources>
    <source>/Users/kushagra/Desktop/CS455/tinker/CS455_Tinker/client/src/</source>
  </sources>
  <packages>
    <package name="StackNServe" line-rate="0.7263" branch-rate="0.4645" complexity="430">
      <classes>
        <class name="StackNServe.Program/&lt;&gt;c__DisplayClass0_0" filename="Program.cs" line-rate="0" branch-rate="1" complexity="1">
          <methods>
            <method name="&lt;Main&gt;b__0" signature="(System.IServiceProvider)" line-rate="0" branch-rate="1" complexity="1">
              <lines>
                <line number="57" hits="0" branch="False" />
              </lines>
            </method>
          </methods>
          <lines>
            <line number="57" hits="0" branch="False" />
          </lines>
        </class>
        <class name="StackNServe.Program/&lt;Main&gt;d__0" filename="Program.cs" line-rate="0" branch-rate="0" complexity="6">
          <methods>
            <method name="MoveNext" signature="()" line-rate="0" branch-rate="0" complexity="6">
              <lines>
                <line number="17" hits="0" branch="False" />
                <line number="18" hits="0" branch="False" />
                <line number="19" hits="0" branch="False" />
                <line number="22" hits="0" branch="False" />
                <line number="25" hits="0" branch="False" />
                <line number="26" hits="0" branch="True" condition-coverage="0% (0/2)">
                  <conditions>
                    <condition number="275" type="jump" coverage="0%" />
                  </conditions>
                </line>
                <line number="27" hits="0" branch="False" />
                <line number="28" hits="0" branch="False" />
                <line number="29" hits="0" branch="False" />
                <line number="30" hits="0" branch="False" />
                <line number="32" hits="0" branch="False" />
                <line number="33" hits="0" branch="False" />
                <line number="38" hits="0" branch="True" condition-coverage="0% (0/2)">
                  <conditions>
                    <condition number="506" type="jump" coverage="0%" />
                  </conditions>
                </line>
                <line number="39" hits="0" branch="False" />
                <line number="41" hits="0" branch="False" />
                <line number="42" hits="0" branch="False" />
                <line number="44" hits="0" branch="False" />
                <line number="46" hits="0" branch="False" />
                <line number="47" hits="0" branch="False" />
                <line number="49" hits="0" branch="False" />
                <line number="51" hits="0" branch="True" condition-coverage="0% (0/2)">
                  <conditions>
                    <condition number="625" type="jump" coverage="0%" />
                  </conditions>
                </line>
                <line number="52" hits="0" branch="False" />
                <line number="53" hits="0" branch="False" />
                <line number="60" hits="0" branch="False" />
                <line number="61" hits="0" branch="False" />
                <line number="63" hits="0" branch="False" />
                <line number="64" hits="0" branch="False" />
              </lines>
            </method>
          </methods>
          <lines>
            <line number="17" hits="0" branch="False" />
            <line number="18" hits="0" branch="False" />
            <line number="19" hits="0" branch="False" />
            <line number="22" hits="0" branch="False" />
            <line number="25" hits="0" branch="False" />
            <line number="26" hits="0" branch="True" condition-coverage="0% (0/2)">
              <conditions>
                <condition number="275" type="jump" coverage="0%" />
              </conditions>
            </line>
            <line number="27" hits="0" branch="False" />
            <line number="28" hits="0" branch="False" />
            <line number="29" hits="0" branch="False" />
            <line number="30" hits="0" branch="False" />
            <line number="32" hits="0" branch="False" />
            <line number="33" hits="0" branch="False" />
            <line number="38" hits="0" branch="True" condition-coverage="0% (0/2)">
              <conditions>
                <condition number="506" type="jump" coverage="0%" />
              </conditions>
            </line>
            <line number="39" hits="0" branch="False" />
            <line number="41" hits="0" branch="False" />
            <line number="42" hits="0" branch="False" />
            <line number="44" hits="0" branch="False" />
            <line number="46" hits="0" branch="False" />
            <line number="47" hits="0" branch="False" />
            <line number="49" hits="0" branch="False" />
            <line number="51" hits="0" branch="True" condition-coverage="0% (0/2)">
              <conditions>
                <condition number="625" type="jump" coverage="0%" />
              </conditions>
            </line>
            <line number="52" hits="0" branch="False" />
            <line number="53" hits="0" branch="False" />
            <line number="60" hits="0" branch="False" />
            <line number="61" hits="0" branch="False" />
            <line number="63" hits="0" branch="False" />
            <line number="64" hits="0" branch="False" />
          </lines>
        </class>
        <class name="StackNServe.Pages.Home" filename="Pages/Home.razor" line-rate="0.9142" branch-rate="1" complexity="16">
          <methods>
            <method name="BuildRenderTree" signature="(Microsoft.AspNetCore.Components.Rendering.RenderTreeBuilder)" line-rate="1" branch-rate="1" complexity="8">
              <lines>
                <line number="19" hits="58" branch="True" condition-coverage="100% (2/2)">
                  <conditions>
                    <condition number="53" type="jump" coverage="100%" />
                  </conditions>
                </line>
                <line number="20" hits="35" branch="False" />
                <line number="25" hits="35" branch="True" condition-coverage="100% (2/2)">
                  <conditions>
                    <condition number="415" type="jump" coverage="100%" />
                  </conditions>
                </line>
                <line number="26" hits="3" branch="False" />
                <line number="28" hits="3" branch="False" />
                <line number="30" hits="35" branch="False" />
                <line number="31" hits="23" branch="True" condition-coverage="100% (2/2)">
                  <conditions>
                    <condition number="509" type="jump" coverage="100%" />
                  </conditions>
                </line>
                <line number="32" hits="2" branch="False" />
                <line number="45" hits="2" branch="False" />
                <line number="47" hits="21" branch="False" />
                <line number="67" hits="135" branch="True" condition-coverage="100% (2/2)">
                  <conditions>
                    <condition number="1537" type="jump" coverage="100%" />
                  </conditions>
                </line>
                <line number="68" hits="36" branch="False" />
                <line number="70" hits="36" branch="False" />
                <line number="86" hits="21" branch="False" />
              </lines>
            </method>
            <method name="get_isEnded" signature="()" line-rate="1" branch-rate="1" complexity="1">
              <lines>
                <line number="92" hits="57" branch="False" />
              </lines>
            </method>
            <method name="get_isGameStarting" signature="()" line-rate="1" branch-rate="1" complexity="1">
              <lines>
                <line number="94" hits="100" branch="False" />
              </lines>
            </method>
            <method name="get_current_player_score" signature="()" line-rate="1" branch-rate="1" complexity="1">
              <lines>
                <line number="168" hits="71" branch="False" />
              </lines>
            </method>
            <method name="handle_timer_finished" signature="()" line-rate="1" branch-rate="1" complexity="1">
              <lines>
                <line number="225" hits="1" branch="False" />
                <line number="226" hits="1" branch="False" />
                <line number="227" hits="1" branch="False" />
                <line number="228" hits="1" branch="False" />
              </lines>
            </method>
            <method name="Dispose" signature="()" line-rate="0" branch-rate="1" complexity="1">
              <lines>
                <line number="252" hits="0" branch="False" />
                <line number="253" hits="0" branch="False" />
                <line number="254" hits="0" branch="False" />
              </lines>
            </method>
            <method name="&lt;fetch_player_score&gt;b__22_0" signature="()" line-rate="1" branch-rate="1" complexity="1">
              <lines>
                <line number="181" hits="8" branch="False" />
              </lines>
            </method>
            <method name="&lt;start_game&gt;b__35_0" signature="()" line-rate="1" branch-rate="1" complexity="1">
              <lines>
                <line number="259" hits="4" branch="False" />
              </lines>
            </method>
            <method name=".ctor" signature="()" line-rate="1" branch-rate="1" complexity="1">
              <lines>
                <line number="95" hits="24" branch="False" />
                <line number="96" hits="24" branch="False" />
                <line number="97" hits="24" branch="False" />
                <line number="100" hits="24" branch="False" />
                <line number="120" hits="24" branch="False" />
                <line number="121" hits="24" branch="False" />
                <line number="199" hits="24" branch="False" />
                <line number="206" hits="24" branch="False" />
                <line number="223" hits="24" branch="False" />
              </lines>
            </method>
          </methods>
          <lines>
            <line number="19" hits="58" branch="True" condition-coverage="100% (2/2)">
              <conditions>
                <condition number="53" type="jump" coverage="100%" />
              </conditions>
            </line>
            <line number="20" hits="35" branch="False" />
            <line number="25" hits="35" branch="True" condition-coverage="100% (2/2)">
              <conditions>
                <condition number="415" type="jump" coverage="100%" />
              </conditions>
            </line>
            <line number="26" hits="3" branch="False" />
            <line number="28" hits="3" branch="False" />
            <line number="30" hits="35" branch="False" />
            <line number="31" hits="23" branch="True" condition-coverage="100% (2/2)">
              <conditions>
                <condition number="509" type="jump" coverage="100%" />
              </conditions>
            </line>
            <line number="32" hits="2" branch="False" />
            <line number="45" hits="2" branch="False" />
            <line number="47" hits="21" branch="False" />
            <line number="67" hits="135" branch="True" condition-coverage="100% (2/2)">
              <conditions>
                <condition number="1537" type="jump" coverage="100%" />
              </conditions>
            </line>
            <line number="68" hits="36" branch="False" />
            <line number="70" hits="36" branch="False" />
            <line number="86" hits="21" branch="False" />
            <line number="92" hits="57" branch="False" />
            <line number="94" hits="100" branch="False" />
            <line number="168" hits="71" branch="False" />
            <line number="225" hits="1" branch="False" />
            <line number="226" hits="1" branch="False" />
            <line number="227" hits="1" branch="False" />
            <line number="228" hits="1" branch="False" />
            <line number="252" hits="0" branch="False" />
            <line number="253" hits="0" branch="False" />
            <line number="254" hits="0" branch="False" />
            <line number="181" hits="8" branch="False" />
            <line number="259" hits="4" branch="False" />
            <line number="95" hits="24" branch="False" />
            <line number="96" hits="24" branch="False" />
            <line number="97" hits="24" branch="False" />
            <line number="100" hits="24" branch="False" />
            <line number="120" hits="24" branch="False" />
            <line number="121" hits="24" branch="False" />
            <line number="199" hits="24" branch="False" />
            <line number="206" hits="24" branch="False" />
            <line number="223" hits="24" branch="False" />
          </lines>
        </class>
        <class name="StackNServe.Pages.Home/OrderCheckRequest" filename="Pages/Home.razor" line-rate="1" branch-rate="1" complexity="4">
          <methods>
            <method name="get_userOrderList" signature="()" line-rate="1" branch-rate="1" complexity="1">
              <lines>
                <line number="268" hits="6" branch="False" />
              </lines>
            </method>
            <method name="get_requiredOrderList" signature="()" line-rate="1" branch-rate="1" complexity="1">
              <lines>
                <line number="269" hits="6" branch="False" />
              </lines>
            </method>
            <method name="get_currentPlayerScore" signature="()" line-rate="1" branch-rate="1" complexity="1">
              <lines>
                <line number="270" hits="6" branch="False" />
              </lines>
            </method>
            <method name="get_orderPrice" signature="()" line-rate="1" branch-rate="1" complexity="1">
              <lines>
                <line number="271" hits="6" branch="False" />
              </lines>
            </method>
          </methods>
          <lines>
            <line number="268" hits="6" branch="False" />
            <line number="269" hits="6" branch="False" />
            <line number="270" hits="6" branch="False" />
            <line number="271" hits="6" branch="False" />
          </lines>
        </class>
        <class name="StackNServe.Pages.Home/OrderCheckResponse" filename="Pages/Home.razor" line-rate="1" branch-rate="1" complexity="3">
          <methods>
            <method name="get_IsOrderCorrect" signature="()" line-rate="1" branch-rate="1" complexity="1">
              <lines>
                <line number="276" hits="3" branch="False" />
              </lines>
            </method>
            <method name="get_FinalScore" signature="()" line-rate="1" branch-rate="1" complexity="1">
              <lines>
                <line number="277" hits="6" branch="False" />
              </lines>
            </method>
            <method name="get_Message" signature="()" line-rate="1" branch-rate="1" complexity="1">
              <lines>
                <line number="278" hits="6" branch="False" />
              </lines>
            </method>
          </methods>
          <lines>
            <line number="276" hits="3" branch="False" />
            <line number="277" hits="6" branch="False" />
            <line number="278" hits="6" branch="False" />
          </lines>
        </class>
        <class name="StackNServe.Pages.Home/&lt;&gt;c" filename="Pages/Home.razor" line-rate="1" branch-rate="1" complexity="1">
          <methods>
            <method name="&lt;validate_and_start_game&gt;b__16_0" signature="(System.Char)" line-rate="1" branch-rate="1" complexity="1">
              <lines>
                <line number="134" hits="70" branch="False" />
              </lines>
            </method>
          </methods>
          <lines>
            <line number="134" hits="70" branch="False" />
          </lines>
        </class>
        <class name="StackNServe.Pages.Home/&lt;CheckList&gt;d__38" filename="Pages/Home.razor" line-rate="1" branch-rate="0.5" complexity="2">
          <methods>
            <method name="MoveNext" signature="()" line-rate="1" branch-rate="0.5" complexity="2">
              <lines>
                <line number="281" hits="3" branch="False" />
                <line number="282" hits="3" branch="True" condition-coverage="50% (1/2)">
                  <conditions>
                    <condition number="90" type="jump" coverage="50%" />
                  </conditions>
                </line>
                <line number="283" hits="3" branch="False" />
                <line number="284" hits="3" branch="False" />
                <line number="285" hits="3" branch="False" />
                <line number="286" hits="3" branch="False" />
                <line number="287" hits="3" branch="False" />
                <line number="288" hits="3" branch="False" />
                <line number="290" hits="3" branch="False" />
                <line number="291" hits="3" branch="False" />
                <line number="292" hits="3" branch="False" />
                <line number="294" hits="3" branch="False" />
                <line number="296" hits="3" branch="False" />
                <line number="298" hits="3" branch="False" />
                <line number="299" hits="3" branch="False" />
                <line number="300" hits="3" branch="False" />
                <line number="302" hits="3" branch="False" />
                <line number="303" hits="3" branch="False" />
                <line number="304" hits="3" branch="False" />
                <line number="305" hits="3" branch="False" />
                <line number="306" hits="3" branch="False" />
              </lines>
            </method>
          </methods>
          <lines>
            <line number="281" hits="3" branch="False" />
            <line number="282" hits="3" branch="True" condition-coverage="50% (1/2)">
              <conditions>
                <condition number="90" type="jump" coverage="50%" />
              </conditions>
            </line>
            <line number="283" hits="3" branch="False" />
            <line number="284" hits="3" branch="False" />
            <line number="285" hits="3" branch="False" />
            <line number="286" hits="3" branch="False" />
            <line number="287" hits="3" branch="False" />
            <line number="288" hits="3" branch="False" />
            <line number="290" hits="3" branch="False" />
            <line number="291" hits="3" branch="False" />
            <line number="292" hits="3" branch="False" />
            <line number="294" hits="3" branch="False" />
            <line number="296" hits="3" branch="False" />
            <line number="298" hits="3" branch="False" />
            <line number="299" hits="3" branch="False" />
            <line number="300" hits="3" branch="False" />
            <line number="302" hits="3" branch="False" />
            <line number="303" hits="3" branch="False" />
            <line number="304" hits="3" branch="False" />
            <line number="305" hits="3" branch="False" />
            <line number="306" hits="3" branch="False" />
          </lines>
        </class>
        <class name="StackNServe.Pages.Home/&lt;OnAfterRenderAsync&gt;d__40" filename="Pages/Home.razor" line-rate="1" branch-rate="1" complexity="2">
          <methods>
            <method name="MoveNext" signature="()" line-rate="1" branch-rate="1" complexity="2">
              <lines>
                <line number="314" hits="58" branch="False" />
                <line number="315" hits="58" branch="True" condition-coverage="100% (2/2)">
                  <conditions>
                    <condition number="23" type="jump" coverage="100%" />
                  </conditions>
                </line>
                <line number="316" hits="24" branch="False" />
                <line number="317" hits="24" branch="False" />
                <line number="318" hits="15" branch="False" />
                <line number="319" hits="49" branch="False" />
              </lines>
            </method>
          </methods>
          <lines>
            <line number="314" hits="58" branch="False" />
            <line number="315" hits="58" branch="True" condition-coverage="100% (2/2)">
              <conditions>
                <condition number="23" type="jump" coverage="100%" />
              </conditions>
            </line>
            <line number="316" hits="24" branch="False" />
            <line number="317" hits="24" branch="False" />
            <line number="318" hits="15" branch="False" />
            <line number="319" hits="49" branch="False" />
          </lines>
        </class>
        <class name="StackNServe.Pages.Home/&lt;OnInitializedAsync&gt;d__33" filename="Pages/Home.razor" line-rate="1" branch-rate="1" complexity="1">
          <methods>
            <method name="MoveNext" signature="()" line-rate="1" branch-rate="1" complexity="1">
              <lines>
                <line number="247" hits="24" branch="False" />
                <line number="248" hits="24" branch="False" />
                <line number="249" hits="24" branch="False" />
              </lines>
            </method>
          </methods>
          <lines>
            <line number="247" hits="24" branch="False" />
            <line number="248" hits="24" branch="False" />
            <line number="249" hits="24" branch="False" />
          </lines>
        </class>
        <class name="StackNServe.Pages.Home/&lt;check_unique_name&gt;d__17" filename="Pages/Home.razor" line-rate="1" branch-rate="1" complexity="1">
          <methods>
            <method name="MoveNext" signature="()" line-rate="1" branch-rate="1" complexity="1">
              <lines>
                <line number="154" hits="3" branch="False" />
                <line number="155" hits="3" branch="False" />
                <line number="156" hits="3" branch="False" />
                <line number="158" hits="3" branch="False" />
                <line number="159" hits="3" branch="False" />
                <line number="160" hits="3" branch="False" />
                <line number="162" hits="3" branch="False" />
                <line number="164" hits="3" branch="False" />
                <line number="165" hits="3" branch="False" />
                <line number="166" hits="3" branch="False" />
              </lines>
            </method>
          </methods>
          <lines>
            <line number="154" hits="3" branch="False" />
            <line number="155" hits="3" branch="False" />
            <line number="156" hits="3" branch="False" />
            <line number="158" hits="3" branch="False" />
            <line number="159" hits="3" branch="False" />
            <line number="160" hits="3" branch="False" />
            <line number="162" hits="3" branch="False" />
            <line number="164" hits="3" branch="False" />
            <line number="165" hits="3" branch="False" />
            <line number="166" hits="3" branch="False" />
          </lines>
        </class>
        <class name="StackNServe.Pages.Home/&lt;create_player&gt;d__13" filename="Pages/Home.razor" line-rate="1" branch-rate="1" complexity="1">
          <methods>
            <method name="MoveNext" signature="()" line-rate="1" branch-rate="1" complexity="1">
              <lines>
                <line number="102" hits="3" branch="False" />
                <line number="103" hits="3" branch="False" />
                <line number="104" hits="3" branch="False" />
                <line number="105" hits="3" branch="False" />
                <line number="107" hits="3" branch="False" />
                <line number="108" hits="3" branch="False" />
                <line number="110" hits="3" branch="False" />
                <line number="112" hits="3" branch="False" />
                <line number="114" hits="3" branch="False" />
                <line number="115" hits="2" branch="False" />
                <line number="117" hits="2" branch="False" />
                <line number="118" hits="2" branch="False" />
              </lines>
            </method>
          </methods>
          <lines>
            <line number="102" hits="3" branch="False" />
            <line number="103" hits="3" branch="False" />
            <line number="104" hits="3" branch="False" />
            <line number="105" hits="3" branch="False" />
            <line number="107" hits="3" branch="False" />
            <line number="108" hits="3" branch="False" />
            <line number="110" hits="3" branch="False" />
            <line number="112" hits="3" branch="False" />
            <line number="114" hits="3" branch="False" />
            <line number="115" hits="2" branch="False" />
            <line number="117" hits="2" branch="False" />
            <line number="118" hits="2" branch="False" />
          </lines>
        </class>
        <class name="StackNServe.Pages.Home/&lt;fetch_order_list&gt;d__28" filename="Pages/Home.razor" line-rate="1" branch-rate="1" complexity="2">
          <methods>
            <method name="MoveNext" signature="()" line-rate="1" branch-rate="1" complexity="2">
              <lines>
                <line number="208" hits="7" branch="False" />
                <line number="209" hits="7" branch="False" />
                <line number="210" hits="7" branch="False" />
                <line number="212" hits="96" branch="True" condition-coverage="100% (2/2)">
                  <conditions>
                    <condition number="300" type="jump" coverage="100%" />
                  </conditions>
                </line>
                <line number="213" hits="41" branch="False" />
                <line number="214" hits="41" branch="False" />
                <line number="215" hits="41" branch="False" />
                <line number="216" hits="7" branch="False" />
                <line number="217" hits="7" branch="False" />
                <line number="218" hits="7" branch="False" />
                <line number="220" hits="7" branch="False" />
                <line number="221" hits="7" branch="False" />
              </lines>
            </method>
          </methods>
          <lines>
            <line number="208" hits="7" branch="False" />
            <line number="209" hits="7" branch="False" />
            <line number="210" hits="7" branch="False" />
            <line number="212" hits="96" branch="True" condition-coverage="100% (2/2)">
              <conditions>
                <condition number="300" type="jump" coverage="100%" />
              </conditions>
            </line>
            <line number="213" hits="41" branch="False" />
            <line number="214" hits="41" branch="False" />
            <line number="215" hits="41" branch="False" />
            <line number="216" hits="7" branch="False" />
            <line number="217" hits="7" branch="False" />
            <line number="218" hits="7" branch="False" />
            <line number="220" hits="7" branch="False" />
            <line number="221" hits="7" branch="False" />
          </lines>
        </class>
        <class name="StackNServe.Pages.Home/&lt;fetch_order_price&gt;d__26" filename="Pages/Home.razor" line-rate="1" branch-rate="1" complexity="1">
          <methods>
            <method name="MoveNext" signature="()" line-rate="1" branch-rate="1" complexity="1">
              <lines>
                <line number="201" hits="7" branch="False" />
                <line number="202" hits="7" branch="False" />
                <line number="203" hits="7" branch="False" />
                <line number="204" hits="7" branch="False" />
                <line number="205" hits="7" branch="False" />
              </lines>
            </method>
          </methods>
          <lines>
            <line number="201" hits="7" branch="False" />
            <line number="202" hits="7" branch="False" />
            <line number="203" hits="7" branch="False" />
            <line number="204" hits="7" branch="False" />
            <line number="205" hits="7" branch="False" />
          </lines>
        </class>
        <class name="StackNServe.Pages.Home/&lt;fetch_player_score&gt;d__22" filename="Pages/Home.razor" line-rate="1" branch-rate="1" complexity="1">
          <methods>
            <method name="MoveNext" signature="()" line-rate="1" branch-rate="1" complexity="1">
              <lines>
                <line number="170" hits="4" branch="False" />
                <line number="171" hits="4" branch="False" />
                <line number="172" hits="4" branch="False" />
                <line number="174" hits="4" branch="False" />
                <line number="175" hits="4" branch="False" />
                <line number="177" hits="4" branch="False" />
                <line number="178" hits="4" branch="False" />
                <line number="180" hits="4" branch="False" />
                <line number="182" hits="4" branch="False" />
              </lines>
            </method>
          </methods>
          <lines>
            <line number="170" hits="4" branch="False" />
            <line number="171" hits="4" branch="False" />
            <line number="172" hits="4" branch="False" />
            <line number="174" hits="4" branch="False" />
            <line number="175" hits="4" branch="False" />
            <line number="177" hits="4" branch="False" />
            <line number="178" hits="4" branch="False" />
            <line number="180" hits="4" branch="False" />
            <line number="182" hits="4" branch="False" />
          </lines>
        </class>
        <class name="StackNServe.Pages.Home/&lt;player_skip&gt;d__32" filename="Pages/Home.razor" line-rate="1" branch-rate="1" complexity="1">
          <methods>
            <method name="MoveNext" signature="()" line-rate="1" branch-rate="1" complexity="1">
              <lines>
                <line number="238" hits="1" branch="False" />
                <line number="239" hits="1" branch="False" />
                <line number="240" hits="1" branch="False" />
                <line number="241" hits="1" branch="False" />
                <line number="242" hits="1" branch="False" />
                <line number="243" hits="1" branch="False" />
                <line number="244" hits="1" branch="False" />
              </lines>
            </method>
          </methods>
          <lines>
            <line number="238" hits="1" branch="False" />
            <line number="239" hits="1" branch="False" />
            <line number="240" hits="1" branch="False" />
            <line number="241" hits="1" branch="False" />
            <line number="242" hits="1" branch="False" />
            <line number="243" hits="1" branch="False" />
            <line number="244" hits="1" branch="False" />
          </lines>
        </class>
        <class name="StackNServe.Pages.Home/&lt;reload_game&gt;d__31" filename="Pages/Home.razor" line-rate="1" branch-rate="1" complexity="2">
          <methods>
            <method name="MoveNext" signature="()" line-rate="1" branch-rate="1" complexity="2">
              <lines>
                <line number="230" hits="1" branch="False" />
                <line number="231" hits="1" branch="True" condition-coverage="100% (2/2)">
                  <conditions>
                    <condition number="21" type="jump" coverage="100%" />
                  </conditions>
                </line>
                <line number="232" hits="1" branch="False" />
                <line number="233" hits="1" branch="False" />
                <line number="234" hits="1" branch="False" />
                <line number="235" hits="1" branch="False" />
                <line number="236" hits="1" branch="False" />
              </lines>
            </method>
          </methods>
          <lines>
            <line number="230" hits="1" branch="False" />
            <line number="231" hits="1" branch="True" condition-coverage="100% (2/2)">
              <conditions>
                <condition number="21" type="jump" coverage="100%" />
              </conditions>
            </line>
            <line number="232" hits="1" branch="False" />
            <line number="233" hits="1" branch="False" />
            <line number="234" hits="1" branch="False" />
            <line number="235" hits="1" branch="False" />
            <line number="236" hits="1" branch="False" />
          </lines>
        </class>
        <class name="StackNServe.Pages.Home/&lt;show_notification&gt;d__39" filename="Pages/Home.razor" line-rate="1" branch-rate="1" complexity="1">
          <methods>
            <method name="MoveNext" signature="()" line-rate="1" branch-rate="1" complexity="1">
              <lines>
                <line number="309" hits="3" branch="False" />
                <line number="310" hits="3" branch="False" />
                <line number="311" hits="2" branch="False" />
              </lines>
            </method>
          </methods>
          <lines>
            <line number="309" hits="3" branch="False" />
            <line number="310" hits="3" branch="False" />
            <line number="311" hits="2" branch="False" />
          </lines>
        </class>
        <class name="StackNServe.Pages.Home/&lt;start_game&gt;d__35" filename="Pages/Home.razor" line-rate="1" branch-rate="1" complexity="1">
          <methods>
            <method name="MoveNext" signature="()" line-rate="1" branch-rate="1" complexity="1">
              <lines>
                <line number="257" hits="2" branch="False" />
                <line number="258" hits="2" branch="False" />
                <line number="260" hits="2" branch="False" />
                <line number="261" hits="1" branch="False" />
                <line number="262" hits="1" branch="False" />
                <line number="263" hits="1" branch="False" />
              </lines>
            </method>
          </methods>
          <lines>
            <line number="257" hits="2" branch="False" />
            <line number="258" hits="2" branch="False" />
            <line number="260" hits="2" branch="False" />
            <line number="261" hits="1" branch="False" />
            <line number="262" hits="1" branch="False" />
            <line number="263" hits="1" branch="False" />
          </lines>
        </class>
        <class name="StackNServe.Pages.Home/&lt;update_order&gt;d__24" filename="Pages/Home.razor" line-rate="1" branch-rate="1" complexity="1">
          <methods>
            <method name="MoveNext" signature="()" line-rate="1" branch-rate="1" complexity="1">
              <lines>
                <line number="194" hits="5" branch="False" />
                <line number="195" hits="5" branch="False" />
                <line number="196" hits="5" branch="False" />
                <line number="197" hits="5" branch="False" />
                <line number="198" hits="5" branch="False" />
              </lines>
            </method>
          </methods>
          <lines>
            <line number="194" hits="5" branch="False" />
            <line number="195" hits="5" branch="False" />
            <line number="196" hits="5" branch="False" />
            <line number="197" hits="5" branch="False" />
            <line number="198" hits="5" branch="False" />
          </lines>
        </class>
        <class name="StackNServe.Pages.Home/&lt;update_player_score&gt;d__23" filename="Pages/Home.razor" line-rate="1" branch-rate="1" complexity="1">
          <methods>
            <method name="MoveNext" signature="()" line-rate="1" branch-rate="1" complexity="1">
              <lines>
                <line number="185" hits="4" branch="False" />
                <line number="186" hits="4" branch="False" />
                <line number="187" hits="4" branch="False" />
                <line number="188" hits="4" branch="False" />
                <line number="189" hits="4" branch="False" />
                <line number="190" hits="3" branch="False" />
              </lines>
            </method>
          </methods>
          <lines>
            <line number="185" hits="4" branch="False" />
            <line number="186" hits="4" branch="False" />
            <line number="187" hits="4" branch="False" />
            <line number="188" hits="4" branch="False" />
            <line number="189" hits="4" branch="False" />
            <line number="190" hits="3" branch="False" />
          </lines>
        </class>
        <class name="StackNServe.Pages.Home/&lt;validate_and_start_game&gt;d__16" filename="Pages/Home.razor" line-rate="1" branch-rate="1" complexity="8">
          <methods>
            <method name="MoveNext" signature="()" line-rate="1" branch-rate="1" complexity="8">
              <lines>
                <line number="123" hits="7" branch="False" />
                <line number="124" hits="7" branch="True" condition-coverage="100% (2/2)">
                  <conditions>
                    <condition number="36" type="jump" coverage="100%" />
                  </conditions>
                </line>
                <line number="125" hits="1" branch="False" />
                <line number="126" hits="1" branch="False" />
                <line number="127" hits="1" branch="False" />
                <line number="128" hits="1" branch="False" />
                <line number="129" hits="6" branch="True" condition-coverage="100% (2/2)">
                  <conditions>
                    <condition number="96" type="jump" coverage="100%" />
                  </conditions>
                </line>
                <line number="130" hits="1" branch="False" />
                <line number="131" hits="1" branch="False" />
                <line number="132" hits="1" branch="False" />
                <line number="133" hits="1" branch="False" />
                <line number="135" hits="2" branch="False" />
                <line number="136" hits="2" branch="False" />
                <line number="137" hits="2" branch="False" />
                <line number="138" hits="2" branch="False" />
                <line number="139" hits="3" branch="True" condition-coverage="100% (2/2)">
                  <conditions>
                    <condition number="342" type="jump" coverage="100%" />
                  </conditions>
                </line>
                <line number="140" hits="1" branch="False" />
                <line number="141" hits="1" branch="False" />
                <line number="142" hits="1" branch="False" />
                <line number="143" hits="1" branch="False" />
                <line number="145" hits="2" branch="False" />
                <line number="146" hits="2" branch="False" />
                <line number="147" hits="2" branch="False" />
                <line number="148" hits="2" branch="False" />
                <line number="149" hits="2" branch="False" />
                <line number="151" hits="7" branch="False" />
              </lines>
            </method>
          </methods>
          <lines>
            <line number="123" hits="7" branch="False" />
            <line number="124" hits="7" branch="True" condition-coverage="100% (2/2)">
              <conditions>
                <condition number="36" type="jump" coverage="100%" />
              </conditions>
            </line>
            <line number="125" hits="1" branch="False" />
            <line number="126" hits="1" branch="False" />
            <line number="127" hits="1" branch="False" />
            <line number="128" hits="1" branch="False" />
            <line number="129" hits="6" branch="True" condition-coverage="100% (2/2)">
              <conditions>
                <condition number="96" type="jump" coverage="100%" />
              </conditions>
            </line>
            <line number="130" hits="1" branch="False" />
            <line number="131" hits="1" branch="False" />
            <line number="132" hits="1" branch="False" />
            <line number="133" hits="1" branch="False" />
            <line number="135" hits="2" branch="False" />
            <line number="136" hits="2" branch="False" />
            <line number="137" hits="2" branch="False" />
            <line number="138" hits="2" branch="False" />
            <line number="139" hits="3" branch="True" condition-coverage="100% (2/2)">
              <conditions>
                <condition number="342" type="jump" coverage="100%" />
              </conditions>
            </line>
            <line number="140" hits="1" branch="False" />
            <line number="141" hits="1" branch="False" />
            <line number="142" hits="1" branch="False" />
            <line number="143" hits="1" branch="False" />
            <line number="145" hits="2" branch="False" />
            <line number="146" hits="2" branch="False" />
            <line number="147" hits="2" branch="False" />
            <line number="148" hits="2" branch="False" />
            <line number="149" hits="2" branch="False" />
            <line number="151" hits="7" branch="False" />
          </lines>
        </class>
        <class name="StackNServe.Pages.Leaderboard" filename="Pages/Leaderboard.razor" line-rate="1" branch-rate="1" complexity="3">
          <methods>
            <method name="BuildRenderTree" signature="(Microsoft.AspNetCore.Components.Rendering.RenderTreeBuilder)" line-rate="1" branch-rate="1" complexity="2">
              <lines>
                <line number="26" hits="14" branch="True" condition-coverage="100% (2/2)">
                  <conditions>
                    <condition number="407" type="jump" coverage="100%" />
                  </conditions>
                </line>
                <line number="27" hits="4" branch="False" />
                <line number="36" hits="4" branch="False" />
              </lines>
            </method>
            <method name=".ctor" signature="()" line-rate="1" branch-rate="1" complexity="1">
              <lines>
                <line number="51" hits="2" branch="False" />
              </lines>
            </method>
          </methods>
          <lines>
            <line number="26" hits="14" branch="True" condition-coverage="100% (2/2)">
              <conditions>
                <condition number="407" type="jump" coverage="100%" />
              </conditions>
            </line>
            <line number="27" hits="4" branch="False" />
            <line number="36" hits="4" branch="False" />
            <line number="51" hits="2" branch="False" />
          </lines>
        </class>
        <class name="StackNServe.Pages.Leaderboard/Player" filename="Pages/Leaderboard.razor" line-rate="1" branch-rate="1" complexity="2">
          <methods>
            <method name="get_name" signature="()" line-rate="1" branch-rate="1" complexity="1">
              <lines>
                <line number="47" hits="36" branch="False" />
              </lines>
            </method>
            <method name="get_score" signature="()" line-rate="1" branch-rate="1" complexity="1">
              <lines>
                <line number="48" hits="36" branch="False" />
              </lines>
            </method>
          </methods>
          <lines>
            <line number="47" hits="36" branch="False" />
            <line number="48" hits="36" branch="False" />
          </lines>
        </class>
        <class name="StackNServe.Pages.Leaderboard/&lt;OnInitializedAsync&gt;d__4" filename="Pages/Leaderboard.razor" line-rate="1" branch-rate="1" complexity="1">
          <methods>
            <method name="MoveNext" signature="()" line-rate="1" branch-rate="1" complexity="1">
              <lines>
                <line number="62" hits="2" branch="False" />
                <line number="63" hits="2" branch="False" />
                <line number="64" hits="2" branch="False" />
              </lines>
            </method>
          </methods>
          <lines>
            <line number="62" hits="2" branch="False" />
            <line number="63" hits="2" branch="False" />
            <line number="64" hits="2" branch="False" />
          </lines>
        </class>
        <class name="StackNServe.Pages.Leaderboard/&lt;load_leaderboard&gt;d__3" filename="Pages/Leaderboard.razor" line-rate="1" branch-rate="1" complexity="2">
          <methods>
            <method name="MoveNext" signature="()" line-rate="1" branch-rate="1" complexity="2">
              <lines>
                <line number="53" hits="3" branch="False" />
                <line number="54" hits="3" branch="False" />
                <line number="55" hits="21" branch="True" condition-coverage="100% (2/2)">
                  <conditions>
                    <condition number="274" type="jump" coverage="100%" />
                  </conditions>
                </line>
                <line number="56" hits="6" branch="False" />
                <line number="57" hits="6" branch="False" />
                <line number="58" hits="6" branch="False" />
                <line number="59" hits="3" branch="False" />
              </lines>
            </method>
          </methods>
          <lines>
            <line number="53" hits="3" branch="False" />
            <line number="54" hits="3" branch="False" />
            <line number="55" hits="21" branch="True" condition-coverage="100% (2/2)">
              <conditions>
                <condition number="274" type="jump" coverage="100%" />
              </conditions>
            </line>
            <line number="56" hits="6" branch="False" />
            <line number="57" hits="6" branch="False" />
            <line number="58" hits="6" branch="False" />
            <line number="59" hits="3" branch="False" />
          </lines>
        </class>
        <class name="StackNServe.Layout.MainLayout/&lt;DisposeAsync&gt;d__3" filename="Layout/MainLayout.razor" line-rate="0" branch-rate="1" complexity="1">
          <methods>
            <method name="MoveNext" signature="()" line-rate="0" branch-rate="1" complexity="1">
              <lines>
                <line number="49" hits="0" branch="False" />
                <line number="50" hits="0" branch="False" />
                <line number="51" hits="0" branch="False" />
              </lines>
            </method>
          </methods>
          <lines>
            <line number="49" hits="0" branch="False" />
            <line number="50" hits="0" branch="False" />
            <line number="51" hits="0" branch="False" />
          </lines>
        </class>
        <class name="StackNServe.Layout.MainLayout/&lt;OnAfterRenderAsync&gt;d__2" filename="Layout/MainLayout.razor" line-rate="0" branch-rate="0" complexity="8">
          <methods>
            <method name="MoveNext" signature="()" line-rate="0" branch-rate="0" complexity="8">
              <lines>
                <line number="23" hits="0" branch="False" />
                <line number="24" hits="0" branch="True" condition-coverage="0% (0/2)">
                  <conditions>
                    <condition number="57" type="jump" coverage="0%" />
                  </conditions>
                </line>
                <line number="25" hits="0" branch="False" />
                <line number="26" hits="0" branch="False" />
                <line number="27" hits="0" branch="False" />
                <line number="29" hits="0" branch="False" />
                <line number="30" hits="0" branch="False" />
                <line number="32" hits="0" branch="True" condition-coverage="0% (0/2)">
                  <conditions>
                    <condition number="430" type="jump" coverage="0%" />
                  </conditions>
                </line>
                <line number="33" hits="0" branch="False" />
                <line number="34" hits="0" branch="False" />
                <line number="35" hits="0" branch="False" />
                <line number="37" hits="0" branch="True" condition-coverage="0% (0/2)">
                  <conditions>
                    <condition number="456" type="jump" coverage="0%" />
                  </conditions>
                </line>
                <line number="38" hits="0" branch="False" />
                <line number="39" hits="0" branch="False" />
                <line number="40" hits="0" branch="True" condition-coverage="0% (0/2)">
                  <conditions>
                    <condition number="607" type="jump" coverage="0%" />
                  </conditions>
                </line>
                <line number="41" hits="0" branch="False" />
                <line number="42" hits="0" branch="False" />
                <line number="43" hits="0" branch="False" />
                <line number="44" hits="0" branch="False" />
                <line number="45" hits="0" branch="False" />
                <line number="46" hits="0" branch="False" />
              </lines>
            </method>
          </methods>
          <lines>
            <line number="23" hits="0" branch="False" />
            <line number="24" hits="0" branch="True" condition-coverage="0% (0/2)">
              <conditions>
                <condition number="57" type="jump" coverage="0%" />
              </conditions>
            </line>
            <line number="25" hits="0" branch="False" />
            <line number="26" hits="0" branch="False" />
            <line number="27" hits="0" branch="False" />
            <line number="29" hits="0" branch="False" />
            <line number="30" hits="0" branch="False" />
            <line number="32" hits="0" branch="True" condition-coverage="0% (0/2)">
              <conditions>
                <condition number="430" type="jump" coverage="0%" />
              </conditions>
            </line>
            <line number="33" hits="0" branch="False" />
            <line number="34" hits="0" branch="False" />
            <line number="35" hits="0" branch="False" />
            <line number="37" hits="0" branch="True" condition-coverage="0% (0/2)">
              <conditions>
                <condition number="456" type="jump" coverage="0%" />
              </conditions>
            </line>
            <line number="38" hits="0" branch="False" />
            <line number="39" hits="0" branch="False" />
            <line number="40" hits="0" branch="True" condition-coverage="0% (0/2)">
              <conditions>
                <condition number="607" type="jump" coverage="0%" />
              </conditions>
            </line>
            <line number="41" hits="0" branch="False" />
            <line number="42" hits="0" branch="False" />
            <line number="43" hits="0" branch="False" />
            <line number="44" hits="0" branch="False" />
            <line number="45" hits="0" branch="False" />
            <line number="46" hits="0" branch="False" />
          </lines>
        </class>
        <class name="StackNServe.Layout.MainLayout/&lt;OnInitializedAsync&gt;d__1" filename="Layout/MainLayout.razor" line-rate="0" branch-rate="1" complexity="1">
          <methods>
            <method name="MoveNext" signature="()" line-rate="0" branch-rate="1" complexity="1">
              <lines>
                <line number="18" hits="0" branch="False" />
                <line number="19" hits="0" branch="False" />
                <line number="20" hits="0" branch="False" />
              </lines>
            </method>
          </methods>
          <lines>
            <line number="18" hits="0" branch="False" />
            <line number="19" hits="0" branch="False" />
            <line number="20" hits="0" branch="False" />
          </lines>
        </class>
        <class name="StackNServe.Layout.NavMenu" filename="Layout/NavMenu.razor" line-rate="0" branch-rate="0" complexity="5">
          <methods>
            <method name="get_NavMenuCssClass" signature="()" line-rate="0" branch-rate="0" complexity="2">
              <lines>
                <line number="34" hits="0" branch="True" condition-coverage="0% (0/2)">
                  <conditions>
                    <condition number="6" type="jump" coverage="0%" />
                  </conditions>
                </line>
              </lines>
            </method>
            <method name="LoadPlayerGuide" signature="()" line-rate="0" branch-rate="1" complexity="1">
              <lines>
                <line number="41" hits="0" branch="False" />
                <line number="42" hits="0" branch="False" />
                <line number="43" hits="0" branch="False" />
              </lines>
            </method>
            <method name="ToggleNavMenu" signature="()" line-rate="0" branch-rate="1" complexity="1">
              <lines>
                <line number="51" hits="0" branch="False" />
                <line number="52" hits="0" branch="False" />
                <line number="53" hits="0" branch="False" />
              </lines>
            </method>
            <method name=".ctor" signature="()" line-rate="0" branch-rate="1" complexity="1">
              <lines>
                <line number="32" hits="0" branch="False" />
              </lines>
            </method>
          </methods>
          <lines>
            <line number="34" hits="0" branch="True" condition-coverage="0% (0/2)">
              <conditions>
                <condition number="6" type="jump" coverage="0%" />
              </conditions>
            </line>
            <line number="41" hits="0" branch="False" />
            <line number="42" hits="0" branch="False" />
            <line number="43" hits="0" branch="False" />
            <line number="51" hits="0" branch="False" />
            <line number="52" hits="0" branch="False" />
            <line number="53" hits="0" branch="False" />
            <line number="32" hits="0" branch="False" />
          </lines>
        </class>
        <class name="StackNServe.Layout.NavMenu/&lt;LoadLeaderboard&gt;d__6" filename="Layout/NavMenu.razor" line-rate="0" branch-rate="1" complexity="1">
          <methods>
            <method name="MoveNext" signature="()" line-rate="0" branch-rate="1" complexity="1">
              <lines>
                <line number="46" hits="0" branch="False" />
                <line number="47" hits="0" branch="False" />
                <line number="48" hits="0" branch="False" />
                <line number="49" hits="0" branch="False" />
              </lines>
            </method>
          </methods>
          <lines>
            <line number="46" hits="0" branch="False" />
            <line number="47" hits="0" branch="False" />
            <line number="48" hits="0" branch="False" />
            <line number="49" hits="0" branch="False" />
          </lines>
        </class>
        <class name="StackNServe.Layout.NavMenu/&lt;NewGame&gt;d__4" filename="Layout/NavMenu.razor" line-rate="0" branch-rate="1" complexity="1">
          <methods>
            <method name="MoveNext" signature="()" line-rate="0" branch-rate="1" complexity="1">
              <lines>
                <line number="36" hits="0" branch="False" />
                <line number="37" hits="0" branch="False" />
                <line number="38" hits="0" branch="False" />
                <line number="39" hits="0" branch="False" />
              </lines>
            </method>
          </methods>
          <lines>
            <line number="36" hits="0" branch="False" />
            <line number="37" hits="0" branch="False" />
            <line number="38" hits="0" branch="False" />
            <line number="39" hits="0" branch="False" />
          </lines>
        </class>
        <class name="StackNServe.Shared.OrderCheckRequest" filename="Shared/OrderCheckModels.cs" line-rate="1" branch-rate="1" complexity="4">
          <methods>
            <method name="get_UserOrderList" signature="()" line-rate="1" branch-rate="1" complexity="1">
              <lines>
                <line number="5" hits="2" branch="False" />
              </lines>
            </method>
            <method name="get_RequiredOrderList" signature="()" line-rate="1" branch-rate="1" complexity="1">
              <lines>
                <line number="6" hits="2" branch="False" />
              </lines>
            </method>
            <method name="get_CurrentPlayerScore" signature="()" line-rate="1" branch-rate="1" complexity="1">
              <lines>
                <line number="7" hits="2" branch="False" />
              </lines>
            </method>
            <method name="get_OrderPrice" signature="()" line-rate="1" branch-rate="1" complexity="1">
              <lines>
                <line number="8" hits="2" branch="False" />
              </lines>
            </method>
          </methods>
          <lines>
            <line number="5" hits="2" branch="False" />
            <line number="6" hits="2" branch="False" />
            <line number="7" hits="2" branch="False" />
            <line number="8" hits="2" branch="False" />
          </lines>
        </class>
        <class name="StackNServe.Shared.OrderCheckResponse" filename="Shared/OrderCheckModels.cs" line-rate="1" branch-rate="1" complexity="3">
          <methods>
            <method name="get_IsOrderCorrect" signature="()" line-rate="1" branch-rate="1" complexity="1">
              <lines>
                <line number="13" hits="4" branch="False" />
              </lines>
            </method>
            <method name="get_FinalScore" signature="()" line-rate="1" branch-rate="1" complexity="1">
              <lines>
                <line number="14" hits="6" branch="False" />
              </lines>
            </method>
            <method name="get_Message" signature="()" line-rate="1" branch-rate="1" complexity="1">
              <lines>
                <line number="15" hits="6" branch="False" />
              </lines>
            </method>
          </methods>
          <lines>
            <line number="13" hits="4" branch="False" />
            <line number="14" hits="6" branch="False" />
            <line number="15" hits="6" branch="False" />
          </lines>
        </class>
        <class name="StackNServe.Shared.BackgroundMusic" filename="Shared/BackgroundMusic.razor" line-rate="0" branch-rate="1" complexity="1">
          <methods>
            <method name="&lt;BuildRenderTree&gt;b__0_0" signature="(Microsoft.AspNetCore.Components.ElementReference)" line-rate="0" branch-rate="1" complexity="1">
              <lines>
                <line number="4" hits="0" branch="False" />
                <line number="5" hits="0" branch="False" />
                <line number="6" hits="0" branch="False" />
                <line number="7" hits="0" branch="False" />
                <line number="8" hits="0" branch="False" />
                <line number="9" hits="0" branch="False" />
              </lines>
            </method>
          </methods>
          <lines>
            <line number="4" hits="0" branch="False" />
            <line number="5" hits="0" branch="False" />
            <line number="6" hits="0" branch="False" />
            <line number="7" hits="0" branch="False" />
            <line number="8" hits="0" branch="False" />
            <line number="9" hits="0" branch="False" />
          </lines>
        </class>
        <class name="StackNServe.Shared.BackgroundMusic/&lt;OnAfterRenderAsync&gt;d__2" filename="Shared/BackgroundMusic.razor" line-rate="0" branch-rate="0" complexity="2">
          <methods>
            <method name="MoveNext" signature="()" line-rate="0" branch-rate="0" complexity="2">
              <lines>
                <line number="14" hits="0" branch="False" />
                <line number="15" hits="0" branch="True" condition-coverage="0% (0/2)">
                  <conditions>
                    <condition number="23" type="jump" coverage="0%" />
                  </conditions>
                </line>
                <line number="16" hits="0" branch="False" />
                <line number="17" hits="0" branch="False" />
                <line number="18" hits="0" branch="False" />
                <line number="19" hits="0" branch="False" />
              </lines>
            </method>
          </methods>
          <lines>
            <line number="14" hits="0" branch="False" />
            <line number="15" hits="0" branch="True" condition-coverage="0% (0/2)">
              <conditions>
                <condition number="23" type="jump" coverage="0%" />
              </conditions>
            </line>
            <line number="16" hits="0" branch="False" />
            <line number="17" hits="0" branch="False" />
            <line number="18" hits="0" branch="False" />
            <line number="19" hits="0" branch="False" />
          </lines>
        </class>
        <class name="StackNServe.Shared.BackgroundMusic/&lt;PauseAsync&gt;d__4" filename="Shared/BackgroundMusic.razor" line-rate="0" branch-rate="1" complexity="1">
          <methods>
            <method name="MoveNext" signature="()" line-rate="0" branch-rate="1" complexity="1">
              <lines>
                <line number="27" hits="0" branch="False" />
                <line number="28" hits="0" branch="False" />
                <line number="29" hits="0" branch="False" />
              </lines>
            </method>
          </methods>
          <lines>
            <line number="27" hits="0" branch="False" />
            <line number="28" hits="0" branch="False" />
            <line number="29" hits="0" branch="False" />
          </lines>
        </class>
        <class name="StackNServe.Shared.BackgroundMusic/&lt;PlayAsync&gt;d__3" filename="Shared/BackgroundMusic.razor" line-rate="0" branch-rate="1" complexity="1">
          <methods>
            <method name="MoveNext" signature="()" line-rate="0" branch-rate="1" complexity="1">
              <lines>
                <line number="22" hits="0" branch="False" />
                <line number="23" hits="0" branch="False" />
                <line number="24" hits="0" branch="False" />
              </lines>
            </method>
          </methods>
          <lines>
            <line number="22" hits="0" branch="False" />
            <line number="23" hits="0" branch="False" />
            <line number="24" hits="0" branch="False" />
          </lines>
        </class>
        <class name="StackNServe.Shared.BackgroundMusic/&lt;ToggleAsync&gt;d__5" filename="Shared/BackgroundMusic.razor" line-rate="0" branch-rate="1" complexity="1">
          <methods>
            <method name="MoveNext" signature="()" line-rate="0" branch-rate="1" complexity="1">
              <lines>
                <line number="32" hits="0" branch="False" />
                <line number="33" hits="0" branch="False" />
                <line number="34" hits="0" branch="False" />
                <line number="35" hits="0" branch="False" />
                <line number="36" hits="0" branch="False" />
                <line number="37" hits="0" branch="False" />
                <line number="38" hits="0" branch="False" />
                <line number="39" hits="0" branch="False" />
                <line number="40" hits="0" branch="False" />
                <line number="41" hits="0" branch="False" />
              </lines>
            </method>
          </methods>
          <lines>
            <line number="32" hits="0" branch="False" />
            <line number="33" hits="0" branch="False" />
            <line number="34" hits="0" branch="False" />
            <line number="35" hits="0" branch="False" />
            <line number="36" hits="0" branch="False" />
            <line number="37" hits="0" branch="False" />
            <line number="38" hits="0" branch="False" />
            <line number="39" hits="0" branch="False" />
            <line number="40" hits="0" branch="False" />
            <line number="41" hits="0" branch="False" />
          </lines>
        </class>
        <class name="StackNServe.Shared.Bun_Select" filename="Shared/Bun_Select.razor" line-rate="0.9420000000000001" branch-rate="0.7894" complexity="42">
          <methods>
            <method name="BuildRenderTree" signature="(Microsoft.AspNetCore.Components.Rendering.RenderTreeBuilder)" line-rate="1" branch-rate="1" complexity="8">
              <lines>
                <line number="17" hits="28" branch="True" condition-coverage="100% (2/2)">
                  <conditions>
                    <condition number="153" type="jump" coverage="100%" />
                  </conditions>
                </line>
                <line number="18" hits="5" branch="False" />
                <line number="20" hits="75" branch="True" condition-coverage="100% (2/2)">
                  <conditions>
                    <condition number="974" type="jump" coverage="100%" />
                  </conditions>
                </line>
                <line number="21" hits="20" branch="False" />
                <line number="25" hits="20" branch="True" condition-coverage="100% (4/4)">
                  <conditions>
                    <condition number="528" type="jump" coverage="100%" />
                    <condition number="557" type="jump" coverage="100%" />
                  </conditions>
                </line>
                <line number="26" hits="1" branch="False" />
                <line number="32" hits="1" branch="False" />
                <line number="34" hits="20" branch="False" />
                <line number="38" hits="5" branch="False" />
              </lines>
            </method>
            <method name="ClearHoverInfo" signature="()" line-rate="1" branch-rate="1" complexity="1">
              <lines>
                <line number="114" hits="1" branch="False" />
                <line number="115" hits="1" branch="False" />
                <line number="116" hits="1" branch="False" />
                <line number="117" hits="1" branch="False" />
              </lines>
            </method>
            <method name="get_OnStateChanged" signature="()" line-rate="1" branch-rate="1" complexity="1">
              <lines>
                <line number="119" hits="10" branch="False" />
              </lines>
            </method>
            <method name="AddItem" signature="(System.String)" line-rate="1" branch-rate="1" complexity="2">
              <lines>
                <line number="153" hits="5" branch="False" />
                <line number="154" hits="5" branch="True" condition-coverage="100% (2/2)">
                  <conditions>
                    <condition number="12" type="jump" coverage="100%" />
                  </conditions>
                </line>
                <line number="155" hits="5" branch="False" />
                <line number="156" hits="5" branch="False" />
                <line number="157" hits="5" branch="False" />
                <line number="158" hits="5" branch="False" />
              </lines>
            </method>
            <method name="AddToBurger" signature="(System.String)" line-rate="0.96" branch-rate="0.7272" complexity="22">
              <lines>
                <line number="161" hits="5" branch="False" />
                <line number="162" hits="5" branch="False" />
                <line number="164" hits="5" branch="False" />
                <line number="166" hits="5" branch="False" />
                <line number="167" hits="21" branch="True" condition-coverage="100% (2/2)">
                  <conditions>
                    <condition number="77" type="jump" coverage="100%" />
                  </conditions>
                </line>
                <line number="168" hits="3" branch="False" />
                <line number="169" hits="3" branch="True" condition-coverage="100% (2/2)">
                  <conditions>
                    <condition number="62" type="jump" coverage="100%" />
                  </conditions>
                </line>
                <line number="170" hits="3" branch="False" />
                <line number="171" hits="3" branch="False" />
                <line number="172" hits="3" branch="False" />
                <line number="173" hits="3" branch="False" />
                <line number="175" hits="5" branch="True" condition-coverage="100% (2/2)">
                  <conditions>
                    <condition number="100" type="jump" coverage="100%" />
                  </conditions>
                </line>
                <line number="176" hits="2" branch="False" />
                <line number="177" hits="2" branch="True" condition-coverage="50% (1/2)">
                  <conditions>
                    <condition number="118" type="jump" coverage="50%" />
                  </conditions>
                </line>
                <line number="178" hits="2" branch="True" condition-coverage="50% (1/2)">
                  <conditions>
                    <condition number="149" type="jump" coverage="50%" />
                  </conditions>
                </line>
                <line number="179" hits="4" branch="True" condition-coverage="50% (1/2)">
                  <conditions>
                    <condition number="180" type="jump" coverage="50%" />
                  </conditions>
                </line>
                <line number="180" hits="0" branch="True" condition-coverage="50% (1/2)">
                  <conditions>
                    <condition number="211" type="jump" coverage="50%" />
                  </conditions>
                </line>
                <line number="181" hits="2" branch="False" />
                <line number="184" hits="3" branch="False" />
                <line number="185" hits="3" branch="True" condition-coverage="50% (1/2)">
                  <conditions>
                    <condition number="244" type="jump" coverage="50%" />
                  </conditions>
                </line>
                <line number="186" hits="3" branch="True" condition-coverage="50% (1/2)">
                  <conditions>
                    <condition number="275" type="jump" coverage="50%" />
                  </conditions>
                </line>
                <line number="187" hits="5" branch="True" condition-coverage="100% (2/2)">
                  <conditions>
                    <condition number="306" type="jump" coverage="100%" />
                  </conditions>
                </line>
                <line number="188" hits="2" branch="True" condition-coverage="100% (2/2)">
                  <conditions>
                    <condition number="337" type="jump" coverage="100%" />
                  </conditions>
                </line>
                <line number="189" hits="3" branch="False" />
                <line number="190" hits="5" branch="False" />
              </lines>
            </method>
            <method name="OnInitialized" signature="()" line-rate="1" branch-rate="1" complexity="1">
              <lines>
                <line number="195" hits="20" branch="False" />
                <line number="196" hits="20" branch="False" />
                <line number="197" hits="20" branch="False" />
              </lines>
            </method>
            <method name="CheckBunSelectVar" signature="(System.Object)" line-rate="1" branch-rate="1" complexity="4">
              <lines>
                <line number="200" hits="1616" branch="False" />
                <line number="201" hits="1616" branch="True" condition-coverage="100% (4/4)">
                  <conditions>
                    <condition number="12" type="jump" coverage="100%" />
                    <condition number="25" type="jump" coverage="100%" />
                  </conditions>
                </line>
                <line number="202" hits="1" branch="False" />
                <line number="203" hits="1" branch="False" />
                <line number="204" hits="1" branch="False" />
                <line number="205" hits="1" branch="False" />
                <line number="206" hits="1" branch="False" />
                <line number="207" hits="2" branch="False" />
                <line number="208" hits="1" branch="False" />
                <line number="209" hits="1616" branch="False" />
              </lines>
            </method>
            <method name="Dispose" signature="()" line-rate="0" branch-rate="0" complexity="2">
              <lines>
                <line number="212" hits="0" branch="False" />
                <line number="213" hits="0" branch="True" condition-coverage="0% (0/2)">
                  <conditions>
                    <condition number="8" type="jump" coverage="0%" />
                  </conditions>
                </line>
                <line number="214" hits="0" branch="False" />
              </lines>
            </method>
            <method name=".ctor" signature="()" line-rate="1" branch-rate="1" complexity="1">
              <lines>
                <line number="49" hits="20" branch="False" />
                <line number="50" hits="20" branch="False" />
                <line number="51" hits="20" branch="False" />
                <line number="52" hits="20" branch="False" />
                <line number="53" hits="20" branch="False" />
                <line number="54" hits="20" branch="False" />
                <line number="55" hits="20" branch="False" />
                <line number="57" hits="20" branch="False" />
              </lines>
            </method>
          </methods>
          <lines>
            <line number="17" hits="28" branch="True" condition-coverage="100% (2/2)">
              <conditions>
                <condition number="153" type="jump" coverage="100%" />
              </conditions>
            </line>
            <line number="18" hits="5" branch="False" />
            <line number="20" hits="75" branch="True" condition-coverage="100% (2/2)">
              <conditions>
                <condition number="974" type="jump" coverage="100%" />
              </conditions>
            </line>
            <line number="21" hits="20" branch="False" />
            <line number="25" hits="20" branch="True" condition-coverage="100% (4/4)">
              <conditions>
                <condition number="528" type="jump" coverage="100%" />
                <condition number="557" type="jump" coverage="100%" />
              </conditions>
            </line>
            <line number="26" hits="1" branch="False" />
            <line number="32" hits="1" branch="False" />
            <line number="34" hits="20" branch="False" />
            <line number="38" hits="5" branch="False" />
            <line number="114" hits="1" branch="False" />
            <line number="115" hits="1" branch="False" />
            <line number="116" hits="1" branch="False" />
            <line number="117" hits="1" branch="False" />
            <line number="119" hits="10" branch="False" />
            <line number="153" hits="5" branch="False" />
            <line number="154" hits="5" branch="True" condition-coverage="100% (2/2)">
              <conditions>
                <condition number="12" type="jump" coverage="100%" />
              </conditions>
            </line>
            <line number="155" hits="5" branch="False" />
            <line number="156" hits="5" branch="False" />
            <line number="157" hits="5" branch="False" />
            <line number="158" hits="5" branch="False" />
            <line number="161" hits="5" branch="False" />
            <line number="162" hits="5" branch="False" />
            <line number="164" hits="5" branch="False" />
            <line number="166" hits="5" branch="False" />
            <line number="167" hits="21" branch="True" condition-coverage="100% (2/2)">
              <conditions>
                <condition number="77" type="jump" coverage="100%" />
              </conditions>
            </line>
            <line number="168" hits="3" branch="False" />
            <line number="169" hits="3" branch="True" condition-coverage="100% (2/2)">
              <conditions>
                <condition number="62" type="jump" coverage="100%" />
              </conditions>
            </line>
            <line number="170" hits="3" branch="False" />
            <line number="171" hits="3" branch="False" />
            <line number="172" hits="3" branch="False" />
            <line number="173" hits="3" branch="False" />
            <line number="175" hits="5" branch="True" condition-coverage="100% (2/2)">
              <conditions>
                <condition number="100" type="jump" coverage="100%" />
              </conditions>
            </line>
            <line number="176" hits="2" branch="False" />
            <line number="177" hits="2" branch="True" condition-coverage="50% (1/2)">
              <conditions>
                <condition number="118" type="jump" coverage="50%" />
              </conditions>
            </line>
            <line number="178" hits="2" branch="True" condition-coverage="50% (1/2)">
              <conditions>
                <condition number="149" type="jump" coverage="50%" />
              </conditions>
            </line>
            <line number="179" hits="4" branch="True" condition-coverage="50% (1/2)">
              <conditions>
                <condition number="180" type="jump" coverage="50%" />
              </conditions>
            </line>
            <line number="180" hits="0" branch="True" condition-coverage="50% (1/2)">
              <conditions>
                <condition number="211" type="jump" coverage="50%" />
              </conditions>
            </line>
            <line number="181" hits="2" branch="False" />
            <line number="184" hits="3" branch="False" />
            <line number="185" hits="3" branch="True" condition-coverage="50% (1/2)">
              <conditions>
                <condition number="244" type="jump" coverage="50%" />
              </conditions>
            </line>
            <line number="186" hits="3" branch="True" condition-coverage="50% (1/2)">
              <conditions>
                <condition number="275" type="jump" coverage="50%" />
              </conditions>
            </line>
            <line number="187" hits="5" branch="True" condition-coverage="100% (2/2)">
              <conditions>
                <condition number="306" type="jump" coverage="100%" />
              </conditions>
            </line>
            <line number="188" hits="2" branch="True" condition-coverage="100% (2/2)">
              <conditions>
                <condition number="337" type="jump" coverage="100%" />
              </conditions>
            </line>
            <line number="189" hits="3" branch="False" />
            <line number="190" hits="5" branch="False" />
            <line number="195" hits="20" branch="False" />
            <line number="196" hits="20" branch="False" />
            <line number="197" hits="20" branch="False" />
            <line number="200" hits="1616" branch="False" />
            <line number="201" hits="1616" branch="True" condition-coverage="100% (4/4)">
              <conditions>
                <condition number="12" type="jump" coverage="100%" />
                <condition number="25" type="jump" coverage="100%" />
              </conditions>
            </line>
            <line number="202" hits="1" branch="False" />
            <line number="203" hits="1" branch="False" />
            <line number="204" hits="1" branch="False" />
            <line number="205" hits="1" branch="False" />
            <line number="206" hits="1" branch="False" />
            <line number="207" hits="2" branch="False" />
[...]
                <line number="83" hits="0" branch="False" />
                <line number="84" hits="1" branch="False" />
                <line number="86" hits="1" branch="True" condition-coverage="50% (1/2)">
                  <conditions>
                    <condition number="450" type="jump" coverage="50%" />
                  </conditions>
                </line>
                <line number="87" hits="1" branch="False" />
                <line number="89" hits="1" branch="False" />
                <line number="90" hits="1" branch="False" />
                <line number="91" hits="1" branch="False" />
                <line number="92" hits="0" branch="False" />
                <line number="94" hits="0" branch="True" condition-coverage="0% (0/2)">
                  <conditions>
                    <condition number="792" type="jump" coverage="0%" />
                  </conditions>
                </line>
                <line number="95" hits="0" branch="False" />
                <line number="96" hits="0" branch="False" />
                <line number="97" hits="0" branch="False" />
                <line number="98" hits="0" branch="False" />
                <line number="99" hits="0" branch="False" />
                <line number="100" hits="0" branch="False" />
                <line number="102" hits="0" branch="False" />
                <line number="103" hits="0" branch="False" />
                <line number="104" hits="0" branch="False" />
                <line number="105" hits="0" branch="False" />
                <line number="106" hits="1" branch="False" />
                <line number="107" hits="1" branch="False" />
                <line number="108" hits="1" branch="False" />
                <line number="109" hits="1" branch="False" />
                <line number="111" hits="1" branch="False" />
                <line number="112" hits="1" branch="False" />
                <line number="114" hits="0" branch="False" />
                <line number="115" hits="0" branch="False" />
                <line number="116" hits="0" branch="False" />
                <line number="117" hits="0" branch="False" />
                <line number="118" hits="1" branch="False" />
              </lines>
            </method>
          </methods>
          <lines>
            <line number="68" hits="1" branch="False" />
            <line number="69" hits="1" branch="False" />
            <line number="72" hits="1" branch="True" condition-coverage="9.52% (4/42)">
              <conditions>
                <condition number="60" type="jump" coverage="50%" />
                <condition number="68" type="jump" coverage="0%" />
                <condition number="76" type="jump" coverage="0%" />
                <condition number="105" type="jump" coverage="0%" />
                <condition number="128" type="jump" coverage="50%" />
                <condition number="136" type="jump" coverage="50%" />
                <condition number="162" type="jump" coverage="0%" />
                <condition number="172" type="jump" coverage="0%" />
                <condition number="115" type="jump" coverage="0%" />
                <condition number="89" type="jump" coverage="0%" />
                <condition number="146" type="jump" coverage="0%" />
                <condition number="185" type="jump" coverage="0%" />
                <condition number="203" type="jump" coverage="50%" />
                <condition number="224" type="jump" coverage="0%" />
                <condition number="242" type="jump" coverage="0%" />
                <condition number="260" type="jump" coverage="0%" />
                <condition number="278" type="jump" coverage="0%" />
                <condition number="296" type="jump" coverage="0%" />
                <condition number="311" type="jump" coverage="0%" />
                <condition number="326" type="jump" coverage="0%" />
                <condition number="341" type="jump" coverage="0%" />
              </conditions>
            </line>
            <line number="73" hits="1" branch="False" />
            <line number="74" hits="1" branch="False" />
            <line number="75" hits="0" branch="False" />
            <line number="76" hits="0" branch="False" />
            <line number="77" hits="0" branch="False" />
            <line number="78" hits="0" branch="False" />
            <line number="79" hits="0" branch="False" />
            <line number="80" hits="0" branch="False" />
            <line number="81" hits="0" branch="False" />
            <line number="82" hits="0" branch="False" />
            <line number="83" hits="0" branch="False" />
            <line number="84" hits="1" branch="False" />
            <line number="86" hits="1" branch="True" condition-coverage="50% (1/2)">
              <conditions>
                <condition number="450" type="jump" coverage="50%" />
              </conditions>
            </line>
            <line number="87" hits="1" branch="False" />
            <line number="89" hits="1" branch="False" />
            <line number="90" hits="1" branch="False" />
            <line number="91" hits="1" branch="False" />
            <line number="92" hits="0" branch="False" />
            <line number="94" hits="0" branch="True" condition-coverage="0% (0/2)">
              <conditions>
                <condition number="792" type="jump" coverage="0%" />
              </conditions>
            </line>
            <line number="95" hits="0" branch="False" />
            <line number="96" hits="0" branch="False" />
            <line number="97" hits="0" branch="False" />
            <line number="98" hits="0" branch="False" />
            <line number="99" hits="0" branch="False" />
            <line number="100" hits="0" branch="False" />
            <line number="102" hits="0" branch="False" />
            <line number="103" hits="0" branch="False" />
            <line number="104" hits="0" branch="False" />
            <line number="105" hits="0" branch="False" />
            <line number="106" hits="1" branch="False" />
            <line number="107" hits="1" branch="False" />
            <line number="108" hits="1" branch="False" />
            <line number="109" hits="1" branch="False" />
            <line number="111" hits="1" branch="False" />
            <line number="112" hits="1" branch="False" />
            <line number="114" hits="0" branch="False" />
            <line number="115" hits="0" branch="False" />
            <line number="116" hits="0" branch="False" />
            <line number="117" hits="0" branch="False" />
            <line number="118" hits="1" branch="False" />
          </lines>
        </class>
        <class name="StackNServe.Shared.Toppings_Select/&lt;ToggleMenu&gt;d__12" filename="Shared/Toppings_Select.razor" line-rate="1" branch-rate="1" complexity="2">
          <methods>
            <method name="MoveNext" signature="()" line-rate="1" branch-rate="1" complexity="2">
              <lines>
                <line number="128" hits="10" branch="False" />
                <line number="129" hits="10" branch="True" condition-coverage="100% (2/2)">
                  <conditions>
                    <condition number="42" type="jump" coverage="100%" />
                  </conditions>
                </line>
                <line number="130" hits="3" branch="False" />
                <line number="131" hits="3" branch="False" />
                <line number="132" hits="3" branch="False" />
                <line number="134" hits="7" branch="False" />
                <line number="135" hits="7" branch="False" />
                <line number="136" hits="7" branch="False" />
                <line number="137" hits="7" branch="False" />
                <line number="138" hits="7" branch="False" />
                <line number="139" hits="7" branch="False" />
                <line number="140" hits="7" branch="False" />
                <line number="141" hits="7" branch="False" />
                <line number="142" hits="10" branch="False" />
                <line number="143" hits="10" branch="False" />
                <line number="144" hits="10" branch="False" />
              </lines>
            </method>
          </methods>
          <lines>
            <line number="128" hits="10" branch="False" />
            <line number="129" hits="10" branch="True" condition-coverage="100% (2/2)">
              <conditions>
                <condition number="42" type="jump" coverage="100%" />
              </conditions>
            </line>
            <line number="130" hits="3" branch="False" />
            <line number="131" hits="3" branch="False" />
            <line number="132" hits="3" branch="False" />
            <line number="134" hits="7" branch="False" />
            <line number="135" hits="7" branch="False" />
            <line number="136" hits="7" branch="False" />
            <line number="137" hits="7" branch="False" />
            <line number="138" hits="7" branch="False" />
            <line number="139" hits="7" branch="False" />
            <line number="140" hits="7" branch="False" />
            <line number="141" hits="7" branch="False" />
            <line number="142" hits="10" branch="False" />
            <line number="143" hits="10" branch="False" />
            <line number="144" hits="10" branch="False" />
          </lines>
        </class>
        <class name="StackNServe.Services.BurgerComponent" filename="Services/BurgerBuilderServices.razor.cs" line-rate="1" branch-rate="1" complexity="2">
          <methods>
            <method name="get_Name" signature="()" line-rate="1" branch-rate="1" complexity="1">
              <lines>
                <line number="8" hits="6" branch="False" />
              </lines>
            </method>
            <method name="get_Color" signature="()" line-rate="1" branch-rate="1" complexity="1">
              <lines>
                <line number="9" hits="6" branch="False" />
              </lines>
            </method>
          </methods>
          <lines>
            <line number="8" hits="6" branch="False" />
            <line number="9" hits="6" branch="False" />
          </lines>
        </class>
        <class name="StackNServe.Services.BurgerService" filename="Services/BurgerBuilderServices.razor.cs" line-rate="1" branch-rate="1" complexity="6">
          <methods>
            <method name="get_BurgerStack" signature="()" line-rate="1" branch-rate="1" complexity="1">
              <lines>
                <line number="17" hits="5" branch="False" />
              </lines>
            </method>
            <method name="AddComponent" signature="(StackNServe.Services.BurgerComponent)" line-rate="1" branch-rate="1" complexity="1">
              <lines>
                <line number="20" hits="5" branch="False" />
                <line number="21" hits="5" branch="False" />
                <line number="22" hits="5" branch="False" />
                <line number="23" hits="5" branch="False" />
              </lines>
            </method>
            <method name="ClearBurger" signature="()" line-rate="1" branch-rate="1" complexity="1">
              <lines>
                <line number="26" hits="2" branch="False" />
                <line number="27" hits="2" branch="False" />
                <line number="28" hits="2" branch="False" />
                <line number="29" hits="2" branch="False" />
              </lines>
            </method>
            <method name="NotifyBurgerChanged" signature="()" line-rate="1" branch-rate="1" complexity="2">
              <lines>
                <line number="31" hits="7" branch="True" condition-coverage="100% (2/2)">
                  <conditions>
                    <condition number="7" type="jump" coverage="100%" />
                  </conditions>
                </line>
              </lines>
            </method>
            <method name=".ctor" signature="()" line-rate="1" branch-rate="1" complexity="1">
              <lines>
                <line number="14" hits="5" branch="False" />
              </lines>
            </method>
          </methods>
          <lines>
            <line number="17" hits="5" branch="False" />
            <line number="20" hits="5" branch="False" />
            <line number="21" hits="5" branch="False" />
            <line number="22" hits="5" branch="False" />
            <line number="23" hits="5" branch="False" />
            <line number="26" hits="2" branch="False" />
            <line number="27" hits="2" branch="False" />
            <line number="28" hits="2" branch="False" />
            <line number="29" hits="2" branch="False" />
            <line number="31" hits="7" branch="True" condition-coverage="100% (2/2)">
              <conditions>
                <condition number="7" type="jump" coverage="100%" />
              </conditions>
            </line>
            <line number="14" hits="5" branch="False" />
          </lines>
        </class>
        <class name="StackNServe.Services.GlobalStringListService" filename="Services/GlobalStringListService.razor.cs" line-rate="1" branch-rate="1" complexity="9">
          <methods>
            <method name="get_StringList" signature="()" line-rate="1" branch-rate="1" complexity="1">
              <lines>
                <line number="8" hits="46" branch="False" />
              </lines>
            </method>
            <method name="AddString" signature="(System.String)" line-rate="1" branch-rate="1" complexity="2">
              <lines>
                <line number="11" hits="28" branch="False" />
                <line number="12" hits="28" branch="True" condition-coverage="100% (2/2)">
                  <conditions>
                    <condition number="12" type="jump" coverage="100%" />
                  </conditions>
                </line>
                <line number="13" hits="26" branch="False" />
                <line number="14" hits="26" branch="False" />
                <line number="15" hits="26" branch="False" />
                <line number="16" hits="26" branch="False" />
                <line number="17" hits="28" branch="False" />
              </lines>
            </method>
            <method name="RemoveString" signature="(System.String)" line-rate="1" branch-rate="1" complexity="2">
              <lines>
                <line number="20" hits="3" branch="False" />
                <line number="21" hits="3" branch="True" condition-coverage="100% (2/2)">
                  <conditions>
                    <condition number="15" type="jump" coverage="100%" />
                  </conditions>
                </line>
                <line number="22" hits="2" branch="False" />
                <line number="23" hits="2" branch="False" />
                <line number="24" hits="2" branch="False" />
                <line number="25" hits="3" branch="False" />
              </lines>
            </method>
            <method name="ClearList" signature="()" line-rate="1" branch-rate="1" complexity="1">
              <lines>
                <line number="28" hits="3" branch="False" />
                <line number="29" hits="3" branch="False" />
                <line number="30" hits="3" branch="False" />
                <line number="31" hits="3" branch="False" />
              </lines>
            </method>
            <method name="NotifyStateChanged" signature="()" line-rate="1" branch-rate="1" complexity="2">
              <lines>
                <line number="33" hits="31" branch="True" condition-coverage="100% (2/2)">
                  <conditions>
                    <condition number="7" type="jump" coverage="100%" />
                  </conditions>
                </line>
              </lines>
            </method>
            <method name=".ctor" signature="()" line-rate="1" branch-rate="1" complexity="1">
              <lines>
                <line number="5" hits="121" branch="False" />
              </lines>
            </method>
          </methods>
          <lines>
            <line number="8" hits="46" branch="False" />
            <line number="11" hits="28" branch="False" />
            <line number="12" hits="28" branch="True" condition-coverage="100% (2/2)">
              <conditions>
                <condition number="12" type="jump" coverage="100%" />
              </conditions>
            </line>
            <line number="13" hits="26" branch="False" />
            <line number="14" hits="26" branch="False" />
            <line number="15" hits="26" branch="False" />
            <line number="16" hits="26" branch="False" />
            <line number="17" hits="28" branch="False" />
            <line number="20" hits="3" branch="False" />
            <line number="21" hits="3" branch="True" condition-coverage="100% (2/2)">
              <conditions>
                <condition number="15" type="jump" coverage="100%" />
              </conditions>
            </line>
            <line number="22" hits="2" branch="False" />
            <line number="23" hits="2" branch="False" />
            <line number="24" hits="2" branch="False" />
            <line number="25" hits="3" branch="False" />
            <line number="28" hits="3" branch="False" />
            <line number="29" hits="3" branch="False" />
            <line number="30" hits="3" branch="False" />
            <line number="31" hits="3" branch="False" />
            <line number="33" hits="31" branch="True" condition-coverage="100% (2/2)">
              <conditions>
                <condition number="7" type="jump" coverage="100%" />
              </conditions>
            </line>
            <line number="5" hits="121" branch="False" />
          </lines>
        </class>
        <class name="StackNServe.Services.SelectionButtonService" filename="Services/SelectionButtonsService.razor.cs" line-rate="1" branch-rate="1" complexity="6">
          <methods>
            <method name="get_BunSelectVar" signature="()" line-rate="1" branch-rate="1" complexity="1">
              <lines>
                <line number="5" hits="1648" branch="False" />
              </lines>
            </method>
            <method name="get_PattySelectVar" signature="()" line-rate="1" branch-rate="1" complexity="1">
              <lines>
                <line number="6" hits="1390" branch="False" />
              </lines>
            </method>
            <method name="get_SaucesSelectVar" signature="()" line-rate="1" branch-rate="1" complexity="1">
              <lines>
                <line number="7" hits="1391" branch="False" />
              </lines>
            </method>
            <method name="get_ToppingSelectVar" signature="()" line-rate="1" branch-rate="1" complexity="1">
              <lines>
                <line number="8" hits="1394" branch="False" />
              </lines>
            </method>
            <method name="NotifyStateChanged" signature="()" line-rate="1" branch-rate="1" complexity="2">
              <lines>
                <line number="12" hits="33" branch="True" condition-coverage="100% (2/2)">
                  <conditions>
                    <condition number="7" type="jump" coverage="100%" />
                  </conditions>
                </line>
              </lines>
            </method>
          </methods>
          <lines>
            <line number="5" hits="1648" branch="False" />
            <line number="6" hits="1390" branch="False" />
            <line number="7" hits="1391" branch="False" />
            <line number="8" hits="1394" branch="False" />
            <line number="12" hits="33" branch="True" condition-coverage="100% (2/2)">
              <conditions>
                <condition number="7" type="jump" coverage="100%" />
              </conditions>
            </line>
          </lines>
        </class>
      </classes>
    </package>
  </packages>
</coverage>